{"level":"info","message":"Listening on port 3000...","timestamp":"2021-10-19T07:50:12.803Z"}
{"level":"info","message":"Connected to MongoDB...","timestamp":"2021-10-19T07:50:12.893Z"}
{"message":"Movies validation failed: dailyRentalRate: Path `dailyRentalRate` (2) is less than minimum allowed value (5).","stack":"ValidationError: Movies validation failed: dailyRentalRate: Path `dailyRentalRate` (2) is less than minimum allowed value (5).\n    at model.Document.invalidate (C:\\users\\hp\\desktop\\learning\\nodepractice\\vidlyproject\\node_modules\\mongoose\\lib\\document.js:2782:32)\n    at C:\\users\\hp\\desktop\\learning\\nodepractice\\vidlyproject\\node_modules\\mongoose\\lib\\document.js:2574:17\n    at C:\\users\\hp\\desktop\\learning\\nodepractice\\vidlyproject\\node_modules\\mongoose\\lib\\schematype.js:1273:9\n    at processTicksAndRejections (internal/process/task_queues.js:77:11)","errors":{"dailyRentalRate":{"name":"ValidatorError","message":"Path `dailyRentalRate` (2) is less than minimum allowed value (5).","properties":{"message":"Path `dailyRentalRate` (2) is less than minimum allowed value (5).","type":"min","min":5,"path":"dailyRentalRate","value":2},"kind":"min","path":"dailyRentalRate","value":2}},"_message":"Movies validation failed","level":"error","timestamp":"2021-10-19T07:52:30.383Z"}
{"level":"info","message":"Listening on port 3000...","timestamp":"2021-10-21T13:50:04.169Z"}
{"level":"info","message":"Connected to MongoDB...","timestamp":"2021-10-21T13:50:04.240Z"}
{"level":"info","message":"Listening on port 3000...","timestamp":"2021-10-21T13:57:09.970Z"}
{"level":"info","message":"Connected to MongoDB...","timestamp":"2021-10-21T13:57:11.115Z"}
{"level":"info","message":"Listening on port 3000...","timestamp":"2021-10-21T14:00:04.712Z"}
{"level":"info","message":"Connected to MongoDB...","timestamp":"2021-10-21T14:00:06.165Z"}
{"message":"Unexpected string in JSON at position 19","stack":"SyntaxError: Unexpected string in JSON at position 19\n    at JSON.parse (<anonymous>)\n    at parse (C:\\Users\\hp\\Desktop\\newVidly\\Vidlyproject\\node_modules\\body-parser\\lib\\types\\json.js:89:19)\n    at C:\\Users\\hp\\Desktop\\newVidly\\Vidlyproject\\node_modules\\body-parser\\lib\\read.js:121:18\n    at invokeCallback (C:\\Users\\hp\\Desktop\\newVidly\\Vidlyproject\\node_modules\\raw-body\\index.js:224:16)\n    at done (C:\\Users\\hp\\Desktop\\newVidly\\Vidlyproject\\node_modules\\raw-body\\index.js:213:7)\n    at IncomingMessage.onEnd (C:\\Users\\hp\\Desktop\\newVidly\\Vidlyproject\\node_modules\\raw-body\\index.js:273:7)\n    at IncomingMessage.emit (node:events:402:35)\n    at endReadableNT (node:internal/streams/readable:1343:12)\n    at processTicksAndRejections (node:internal/process/task_queues:83:21)","expose":true,"statusCode":400,"status":400,"body":"{\n\"name\": \"robert\"\n\"email\": \"rob@gmail.com\"\n\"password\": \"12345678\"\n}","type":"entity.parse.failed","level":"error","timestamp":"2021-10-21T14:09:58.037Z"}
{"level":"info","message":"Listening on port 3000...","timestamp":"2021-10-21T15:44:36.274Z"}
{"level":"info","message":"Listening on port 3000...","timestamp":"2021-10-21T16:03:23.025Z"}
{"level":"info","message":"Connected to MongoDB...","timestamp":"2021-10-21T16:03:24.257Z"}
{"level":"info","message":"Listening on port 3000...","timestamp":"2021-10-21T16:10:05.237Z"}
{"level":"info","message":"Connected to MongoDB...","timestamp":"2021-10-21T16:10:06.479Z"}
{"level":"info","message":"Listening on port 3000...","timestamp":"2021-10-21T16:21:01.883Z"}
{"level":"info","message":"Connected to MongoDB...","timestamp":"2021-10-21T16:21:03.145Z"}
{"level":"info","message":"Listening on port 3000...","timestamp":"2021-10-21T16:34:23.803Z"}
{"level":"info","message":"Connected to MongoDB...","timestamp":"2021-10-21T16:34:25.198Z"}
{"level":"info","message":"Listening on port 3000...","timestamp":"2021-10-22T04:36:00.198Z"}
{"level":"info","message":"Connected to MongoDB...","timestamp":"2021-10-22T04:36:02.343Z"}
{"message":"Unexpected token ; in JSON at position 20","stack":"SyntaxError: Unexpected token ; in JSON at position 20\n    at JSON.parse (<anonymous>)\n    at parse (C:\\Users\\hp\\Desktop\\Vidlyproject\\node_modules\\body-parser\\lib\\types\\json.js:89:19)\n    at C:\\Users\\hp\\Desktop\\Vidlyproject\\node_modules\\body-parser\\lib\\read.js:121:18\n    at invokeCallback (C:\\Users\\hp\\Desktop\\Vidlyproject\\node_modules\\raw-body\\index.js:224:16)\n    at done (C:\\Users\\hp\\Desktop\\Vidlyproject\\node_modules\\raw-body\\index.js:213:7)\n    at IncomingMessage.onEnd (C:\\Users\\hp\\Desktop\\Vidlyproject\\node_modules\\raw-body\\index.js:273:7)\n    at IncomingMessage.emit (node:events:402:35)\n    at endReadableNT (node:internal/streams/readable:1343:12)\n    at processTicksAndRejections (node:internal/process/task_queues:83:21)","expose":true,"statusCode":400,"status":400,"body":"{\n\t\"name\":\"pavithra\";\n\t\"phone\":\"123456\"\n}","type":"entity.parse.failed","level":"error","timestamp":"2021-10-22T04:38:36.757Z"}
{"message":"Movies validation failed: numberInStock: Path `numberInStock` (3456677) is more than maximum allowed value (50)., dailyRentalRate: Path `dailyRentalRate` (5674365757) is more than maximum allowed value (50).","stack":"ValidationError: Movies validation failed: numberInStock: Path `numberInStock` (3456677) is more than maximum allowed value (50)., dailyRentalRate: Path `dailyRentalRate` (5674365757) is more than maximum allowed value (50).\n    at model.Document.invalidate (C:\\Users\\hp\\Desktop\\Vidlyproject\\node_modules\\mongoose\\lib\\document.js:2782:32)\n    at C:\\Users\\hp\\Desktop\\Vidlyproject\\node_modules\\mongoose\\lib\\document.js:2574:17\n    at C:\\Users\\hp\\Desktop\\Vidlyproject\\node_modules\\mongoose\\lib\\schematype.js:1273:9\n    at processTicksAndRejections (node:internal/process/task_queues:78:11)","errors":{"numberInStock":{"name":"ValidatorError","message":"Path `numberInStock` (3456677) is more than maximum allowed value (50).","properties":{"message":"Path `numberInStock` (3456677) is more than maximum allowed value (50).","type":"max","max":50,"path":"numberInStock","value":3456677},"kind":"max","path":"numberInStock","value":3456677},"dailyRentalRate":{"name":"ValidatorError","message":"Path `dailyRentalRate` (5674365757) is more than maximum allowed value (50).","properties":{"message":"Path `dailyRentalRate` (5674365757) is more than maximum allowed value (50).","type":"max","max":50,"path":"dailyRentalRate","value":5674365757},"kind":"max","path":"dailyRentalRate","value":5674365757}},"_message":"Movies validation failed","level":"error","timestamp":"2021-10-22T04:47:21.471Z"}
{"level":"info","message":"Listening on port 3000...","timestamp":"2021-10-22T04:56:16.640Z"}
{"level":"info","message":"Connected to MongoDB...","timestamp":"2021-10-22T04:56:18.246Z"}
